2020-04-15 11:08:42.032  INFO 2576 --- [restartedMain] b.c.lunasoft.sge.api.SgeApiApplication   : Starting SgeApiApplication on WK-DEV06 with PID 2576 (C:\sts-4.4.0.RELEASE\workspace-spring\sge-api\target\classes started by MOT1902 in C:\sts-4.4.0.RELEASE\workspace-spring\sge-api)
2020-04-15 11:08:42.033  INFO 2576 --- [restartedMain] b.c.lunasoft.sge.api.SgeApiApplication   : No active profile set, falling back to default profiles: default
2020-04-15 11:08:42.055  INFO 2576 --- [restartedMain] ationConfigEmbeddedWebApplicationContext : Refreshing org.springframework.boot.context.embedded.AnnotationConfigEmbeddedWebApplicationContext@76d9b1e: startup date [Wed Apr 15 11:08:42 BST 2020]; root of context hierarchy
2020-04-15 11:08:42.918  INFO 2576 --- [restartedMain] s.b.c.e.t.TomcatEmbeddedServletContainer : Tomcat initialized with port(s): 8080 (http)
2020-04-15 11:08:42.923  INFO 2576 --- [restartedMain] o.apache.catalina.core.StandardService   : Starting service Tomcat
2020-04-15 11:08:42.924  INFO 2576 --- [restartedMain] org.apache.catalina.core.StandardEngine  : Starting Servlet Engine: Apache Tomcat/8.5.14
2020-04-15 11:08:42.982  INFO 2576 --- [localhost-startStop-1] o.a.c.c.C.[Tomcat].[localhost].[/]       : Initializing Spring embedded WebApplicationContext
2020-04-15 11:08:42.983  INFO 2576 --- [localhost-startStop-1] o.s.web.context.ContextLoader            : Root WebApplicationContext: initialization completed in 930 ms
2020-04-15 11:08:43.062  INFO 2576 --- [localhost-startStop-1] o.s.b.w.servlet.ServletRegistrationBean  : Mapping servlet: 'dispatcherServlet' to [/]
2020-04-15 11:08:43.063  INFO 2576 --- [localhost-startStop-1] o.s.b.w.servlet.ServletRegistrationBean  : Mapping servlet: 'webServlet' to [/h2-console/*]
2020-04-15 11:08:43.064  INFO 2576 --- [localhost-startStop-1] o.s.b.w.servlet.FilterRegistrationBean   : Mapping filter: 'characterEncodingFilter' to: [/*]
2020-04-15 11:08:43.065  INFO 2576 --- [localhost-startStop-1] o.s.b.w.servlet.FilterRegistrationBean   : Mapping filter: 'hiddenHttpMethodFilter' to: [/*]
2020-04-15 11:08:43.065  INFO 2576 --- [localhost-startStop-1] o.s.b.w.servlet.FilterRegistrationBean   : Mapping filter: 'httpPutFormContentFilter' to: [/*]
2020-04-15 11:08:43.065  INFO 2576 --- [localhost-startStop-1] o.s.b.w.servlet.FilterRegistrationBean   : Mapping filter: 'requestContextFilter' to: [/*]
2020-04-15 11:08:43.284  INFO 2576 --- [restartedMain] j.LocalContainerEntityManagerFactoryBean : Building JPA container EntityManagerFactory for persistence unit 'default'
2020-04-15 11:08:43.291  INFO 2576 --- [restartedMain] o.hibernate.jpa.internal.util.LogHelper  : HHH000204: Processing PersistenceUnitInfo [
	name: default
	...]
2020-04-15 11:08:43.326  INFO 2576 --- [restartedMain] org.hibernate.Version                    : HHH000412: Hibernate Core {5.0.12.Final}
2020-04-15 11:08:43.327  INFO 2576 --- [restartedMain] org.hibernate.cfg.Environment            : HHH000206: hibernate.properties not found
2020-04-15 11:08:43.328  INFO 2576 --- [restartedMain] org.hibernate.cfg.Environment            : HHH000021: Bytecode provider name : javassist
2020-04-15 11:08:43.349  INFO 2576 --- [restartedMain] o.hibernate.annotations.common.Version   : HCANN000001: Hibernate Commons Annotations {5.0.1.Final}
2020-04-15 11:08:43.406  INFO 2576 --- [restartedMain] org.hibernate.dialect.Dialect            : HHH000400: Using dialect: org.hibernate.dialect.H2Dialect
2020-04-15 11:08:43.711  INFO 2576 --- [restartedMain] org.hibernate.tool.hbm2ddl.SchemaUpdate  : HHH000228: Running hbm2ddl schema update
2020-04-15 11:08:43.763  INFO 2576 --- [restartedMain] j.LocalContainerEntityManagerFactoryBean : Initialized JPA EntityManagerFactory for persistence unit 'default'
2020-04-15 11:08:43.902  INFO 2576 --- [restartedMain] o.h.h.i.QueryTranslatorFactoryInitiator  : HHH000397: Using ASTQueryTranslatorFactory
2020-04-15 11:08:44.077  INFO 2576 --- [restartedMain] s.w.s.m.m.a.RequestMappingHandlerAdapter : Looking for @ControllerAdvice: org.springframework.boot.context.embedded.AnnotationConfigEmbeddedWebApplicationContext@76d9b1e: startup date [Wed Apr 15 11:08:42 BST 2020]; root of context hierarchy
2020-04-15 11:08:44.112  INFO 2576 --- [restartedMain] s.w.s.m.m.a.RequestMappingHandlerMapping : Mapped "{[/cidades/{estado}],methods=[GET]}" onto public java.util.List<br.com.lunasoft.sge.api.model.Cidade> br.com.lunasoft.sge.api.resource.CidadeResource.cidades(java.lang.Integer)
2020-04-15 11:08:44.115  INFO 2576 --- [restartedMain] s.w.s.m.m.a.RequestMappingHandlerMapping : Mapped "{[/eleitores/{id}],methods=[PUT]}" onto public org.springframework.http.ResponseEntity<br.com.lunasoft.sge.api.model.Eleitor> br.com.lunasoft.sge.api.resource.EleitorResource.atualizar(java.lang.Integer,br.com.lunasoft.sge.api.model.Eleitor)
2020-04-15 11:08:44.115  INFO 2576 --- [restartedMain] s.w.s.m.m.a.RequestMappingHandlerMapping : Mapped "{[/eleitores],methods=[POST]}" onto public org.springframework.http.ResponseEntity<br.com.lunasoft.sge.api.model.Eleitor> br.com.lunasoft.sge.api.resource.EleitorResource.salvar(br.com.lunasoft.sge.api.model.Eleitor)
2020-04-15 11:08:44.115  INFO 2576 --- [restartedMain] s.w.s.m.m.a.RequestMappingHandlerMapping : Mapped "{[/eleitores/{nome}],methods=[GET]}" onto public java.util.List<br.com.lunasoft.sge.api.model.Eleitor> br.com.lunasoft.sge.api.resource.EleitorResource.eleitoresPorNome(java.lang.String)
2020-04-15 11:08:44.116  INFO 2576 --- [restartedMain] s.w.s.m.m.a.RequestMappingHandlerMapping : Mapped "{[/eleitores],methods=[GET]}" onto public java.util.List<br.com.lunasoft.sge.api.model.Eleitor> br.com.lunasoft.sge.api.resource.EleitorResource.eleitores()
2020-04-15 11:08:44.116  INFO 2576 --- [restartedMain] s.w.s.m.m.a.RequestMappingHandlerMapping : Mapped "{[/eleitores/{id}],methods=[DELETE]}" onto public void br.com.lunasoft.sge.api.resource.EleitorResource.remover(java.lang.Integer)
2020-04-15 11:08:44.117  INFO 2576 --- [restartedMain] s.w.s.m.m.a.RequestMappingHandlerMapping : Mapped "{[/eleitores/eleitor/{id}],methods=[GET]}" onto public org.springframework.http.ResponseEntity<br.com.lunasoft.sge.api.model.Eleitor> br.com.lunasoft.sge.api.resource.EleitorResource.eleitor(java.lang.Integer)
2020-04-15 11:08:44.117  INFO 2576 --- [restartedMain] s.w.s.m.m.a.RequestMappingHandlerMapping : Mapped "{[/estados],methods=[GET]}" onto public java.util.List<br.com.lunasoft.sge.api.model.Estado> br.com.lunasoft.sge.api.resource.EstadoResource.estados()
2020-04-15 11:08:44.118  INFO 2576 --- [restartedMain] s.w.s.m.m.a.RequestMappingHandlerMapping : Mapped "{[/error]}" onto public org.springframework.http.ResponseEntity<java.util.Map<java.lang.String, java.lang.Object>> org.springframework.boot.autoconfigure.web.BasicErrorController.error(javax.servlet.http.HttpServletRequest)
2020-04-15 11:08:44.118  INFO 2576 --- [restartedMain] s.w.s.m.m.a.RequestMappingHandlerMapping : Mapped "{[/error],produces=[text/html]}" onto public org.springframework.web.servlet.ModelAndView org.springframework.boot.autoconfigure.web.BasicErrorController.errorHtml(javax.servlet.http.HttpServletRequest,javax.servlet.http.HttpServletResponse)
2020-04-15 11:08:44.135  INFO 2576 --- [restartedMain] o.s.w.s.handler.SimpleUrlHandlerMapping  : Mapped URL path [/webjars/**] onto handler of type [class org.springframework.web.servlet.resource.ResourceHttpRequestHandler]
2020-04-15 11:08:44.135  INFO 2576 --- [restartedMain] o.s.w.s.handler.SimpleUrlHandlerMapping  : Mapped URL path [/**] onto handler of type [class org.springframework.web.servlet.resource.ResourceHttpRequestHandler]
2020-04-15 11:08:44.154  INFO 2576 --- [restartedMain] o.s.w.s.handler.SimpleUrlHandlerMapping  : Mapped URL path [/**/favicon.ico] onto handler of type [class org.springframework.web.servlet.resource.ResourceHttpRequestHandler]
2020-04-15 11:08:44.267  INFO 2576 --- [restartedMain] o.s.b.d.a.OptionalLiveReloadServer       : LiveReload server is running on port 35729
2020-04-15 11:08:44.298  INFO 2576 --- [restartedMain] o.s.j.e.a.AnnotationMBeanExporter        : Registering beans for JMX exposure on startup
2020-04-15 11:08:44.327  INFO 2576 --- [restartedMain] s.b.c.e.t.TomcatEmbeddedServletContainer : Tomcat started on port(s): 8080 (http)
2020-04-15 11:08:44.330  INFO 2576 --- [restartedMain] b.c.lunasoft.sge.api.SgeApiApplication   : Started SgeApiApplication in 2.434 seconds (JVM running for 3.12)
2020-04-15 11:09:11.736  INFO 2576 --- [http-nio-8080-exec-1] o.a.c.c.C.[Tomcat].[localhost].[/]       : Initializing Spring FrameworkServlet 'dispatcherServlet'
2020-04-15 11:09:11.736  INFO 2576 --- [http-nio-8080-exec-1] o.s.web.servlet.DispatcherServlet        : FrameworkServlet 'dispatcherServlet': initialization started
2020-04-15 11:09:11.756  INFO 2576 --- [http-nio-8080-exec-1] o.s.web.servlet.DispatcherServlet        : FrameworkServlet 'dispatcherServlet': initialization completed in 20 ms
2020-04-15 11:15:11.707  INFO 2576 --- [RMI TCP Connection(16)-127.0.0.1] inMXBeanRegistrar$SpringApplicationAdmin : Application shutdown requested.
2020-04-15 11:15:11.707  INFO 2576 --- [RMI TCP Connection(16)-127.0.0.1] ationConfigEmbeddedWebApplicationContext : Closing org.springframework.boot.context.embedded.AnnotationConfigEmbeddedWebApplicationContext@76d9b1e: startup date [Wed Apr 15 11:08:42 BST 2020]; root of context hierarchy
2020-04-15 11:15:11.708  INFO 2576 --- [RMI TCP Connection(16)-127.0.0.1] o.s.j.e.a.AnnotationMBeanExporter        : Unregistering JMX-exposed beans on shutdown
2020-04-15 11:15:11.709  INFO 2576 --- [RMI TCP Connection(16)-127.0.0.1] j.LocalContainerEntityManagerFactoryBean : Closing JPA EntityManagerFactory for persistence unit 'default'
2020-04-16 09:57:23.620  INFO 12384 --- [restartedMain] b.c.lunasoft.sge.api.SgeApiApplication   : Starting SgeApiApplication on WK-DEV06 with PID 12384 (C:\sts-4.4.0.RELEASE\workspace-spring\sge-api\target\classes started by MOT1902 in C:\sts-4.4.0.RELEASE\workspace-spring\sge-api)
2020-04-16 09:57:23.620  INFO 12384 --- [restartedMain] b.c.lunasoft.sge.api.SgeApiApplication   : No active profile set, falling back to default profiles: default
2020-04-16 09:57:23.659  INFO 12384 --- [restartedMain] ationConfigEmbeddedWebApplicationContext : Refreshing org.springframework.boot.context.embedded.AnnotationConfigEmbeddedWebApplicationContext@563745b6: startup date [Thu Apr 16 09:57:23 BST 2020]; root of context hierarchy
2020-04-16 09:57:24.931  INFO 12384 --- [restartedMain] s.b.c.e.t.TomcatEmbeddedServletContainer : Tomcat initialized with port(s): 8080 (http)
2020-04-16 09:57:24.938  INFO 12384 --- [restartedMain] o.apache.catalina.core.StandardService   : Starting service Tomcat
2020-04-16 09:57:24.939  INFO 12384 --- [restartedMain] org.apache.catalina.core.StandardEngine  : Starting Servlet Engine: Apache Tomcat/8.5.14
2020-04-16 09:57:25.002  INFO 12384 --- [localhost-startStop-1] o.a.c.c.C.[Tomcat].[localhost].[/]       : Initializing Spring embedded WebApplicationContext
2020-04-16 09:57:25.002  INFO 12384 --- [localhost-startStop-1] o.s.web.context.ContextLoader            : Root WebApplicationContext: initialization completed in 1345 ms
2020-04-16 09:57:25.115  INFO 12384 --- [localhost-startStop-1] o.s.b.w.servlet.ServletRegistrationBean  : Mapping servlet: 'dispatcherServlet' to [/]
2020-04-16 09:57:25.116  INFO 12384 --- [localhost-startStop-1] o.s.b.w.servlet.ServletRegistrationBean  : Mapping servlet: 'webServlet' to [/h2-console/*]
2020-04-16 09:57:25.118  INFO 12384 --- [localhost-startStop-1] o.s.b.w.servlet.FilterRegistrationBean   : Mapping filter: 'characterEncodingFilter' to: [/*]
2020-04-16 09:57:25.118  INFO 12384 --- [localhost-startStop-1] o.s.b.w.servlet.FilterRegistrationBean   : Mapping filter: 'hiddenHttpMethodFilter' to: [/*]
2020-04-16 09:57:25.118  INFO 12384 --- [localhost-startStop-1] o.s.b.w.servlet.FilterRegistrationBean   : Mapping filter: 'httpPutFormContentFilter' to: [/*]
2020-04-16 09:57:25.118  INFO 12384 --- [localhost-startStop-1] o.s.b.w.servlet.FilterRegistrationBean   : Mapping filter: 'requestContextFilter' to: [/*]
2020-04-16 09:57:25.492  INFO 12384 --- [restartedMain] j.LocalContainerEntityManagerFactoryBean : Building JPA container EntityManagerFactory for persistence unit 'default'
2020-04-16 09:57:25.503  INFO 12384 --- [restartedMain] o.hibernate.jpa.internal.util.LogHelper  : HHH000204: Processing PersistenceUnitInfo [
	name: default
	...]
2020-04-16 09:57:25.576  INFO 12384 --- [restartedMain] org.hibernate.Version                    : HHH000412: Hibernate Core {5.0.12.Final}
2020-04-16 09:57:25.578  INFO 12384 --- [restartedMain] org.hibernate.cfg.Environment            : HHH000206: hibernate.properties not found
2020-04-16 09:57:25.578  INFO 12384 --- [restartedMain] org.hibernate.cfg.Environment            : HHH000021: Bytecode provider name : javassist
2020-04-16 09:57:25.619  INFO 12384 --- [restartedMain] o.hibernate.annotations.common.Version   : HCANN000001: Hibernate Commons Annotations {5.0.1.Final}
2020-04-16 09:57:25.729  INFO 12384 --- [restartedMain] org.hibernate.dialect.Dialect            : HHH000400: Using dialect: org.hibernate.dialect.H2Dialect
2020-04-16 09:57:26.163  INFO 12384 --- [restartedMain] org.hibernate.tool.hbm2ddl.SchemaUpdate  : HHH000228: Running hbm2ddl schema update
2020-04-16 09:57:26.227  INFO 12384 --- [restartedMain] j.LocalContainerEntityManagerFactoryBean : Initialized JPA EntityManagerFactory for persistence unit 'default'
2020-04-16 09:57:26.652  INFO 12384 --- [restartedMain] s.w.s.m.m.a.RequestMappingHandlerAdapter : Looking for @ControllerAdvice: org.springframework.boot.context.embedded.AnnotationConfigEmbeddedWebApplicationContext@563745b6: startup date [Thu Apr 16 09:57:23 BST 2020]; root of context hierarchy
2020-04-16 09:57:26.703  INFO 12384 --- [restartedMain] s.w.s.m.m.a.RequestMappingHandlerMapping : Mapped "{[/cidades/{estado}],methods=[GET]}" onto public java.util.List<br.com.lunasoft.sge.api.model.Cidade> br.com.lunasoft.sge.api.resource.CidadeResource.cidades(java.lang.Integer)
2020-04-16 09:57:26.707  INFO 12384 --- [restartedMain] s.w.s.m.m.a.RequestMappingHandlerMapping : Mapped "{[/eleitores],methods=[POST]}" onto public org.springframework.http.ResponseEntity<br.com.lunasoft.sge.api.model.Eleitor> br.com.lunasoft.sge.api.resource.EleitorResource.salvar(br.com.lunasoft.sge.api.model.Eleitor)
2020-04-16 09:57:26.707  INFO 12384 --- [restartedMain] s.w.s.m.m.a.RequestMappingHandlerMapping : Mapped "{[/eleitores/filtrar],methods=[GET]}" onto public java.util.List<br.com.lunasoft.sge.api.model.Eleitor> br.com.lunasoft.sge.api.resource.EleitorResource.eleitoresPorNome(br.com.lunasoft.sge.api.repository.filter.Filtro)
2020-04-16 09:57:26.707  INFO 12384 --- [restartedMain] s.w.s.m.m.a.RequestMappingHandlerMapping : Mapped "{[/eleitores],methods=[GET]}" onto public java.util.List<br.com.lunasoft.sge.api.model.Eleitor> br.com.lunasoft.sge.api.resource.EleitorResource.eleitores()
2020-04-16 09:57:26.707  INFO 12384 --- [restartedMain] s.w.s.m.m.a.RequestMappingHandlerMapping : Mapped "{[/eleitores/eleitor/{id}],methods=[GET]}" onto public org.springframework.http.ResponseEntity<br.com.lunasoft.sge.api.model.Eleitor> br.com.lunasoft.sge.api.resource.EleitorResource.eleitor(java.lang.Integer)
2020-04-16 09:57:26.708  INFO 12384 --- [restartedMain] s.w.s.m.m.a.RequestMappingHandlerMapping : Mapped "{[/eleitores/{id}],methods=[DELETE]}" onto public void br.com.lunasoft.sge.api.resource.EleitorResource.remover(java.lang.Integer)
2020-04-16 09:57:26.708  INFO 12384 --- [restartedMain] s.w.s.m.m.a.RequestMappingHandlerMapping : Mapped "{[/eleitores/{id}],methods=[PUT]}" onto public org.springframework.http.ResponseEntity<br.com.lunasoft.sge.api.model.Eleitor> br.com.lunasoft.sge.api.resource.EleitorResource.atualizar(java.lang.Integer,br.com.lunasoft.sge.api.model.Eleitor)
2020-04-16 09:57:26.709  INFO 12384 --- [restartedMain] s.w.s.m.m.a.RequestMappingHandlerMapping : Mapped "{[/estados],methods=[GET]}" onto public java.util.List<br.com.lunasoft.sge.api.model.Estado> br.com.lunasoft.sge.api.resource.EstadoResource.estados()
2020-04-16 09:57:26.710  INFO 12384 --- [restartedMain] s.w.s.m.m.a.RequestMappingHandlerMapping : Mapped "{[/error]}" onto public org.springframework.http.ResponseEntity<java.util.Map<java.lang.String, java.lang.Object>> org.springframework.boot.autoconfigure.web.BasicErrorController.error(javax.servlet.http.HttpServletRequest)
2020-04-16 09:57:26.710  INFO 12384 --- [restartedMain] s.w.s.m.m.a.RequestMappingHandlerMapping : Mapped "{[/error],produces=[text/html]}" onto public org.springframework.web.servlet.ModelAndView org.springframework.boot.autoconfigure.web.BasicErrorController.errorHtml(javax.servlet.http.HttpServletRequest,javax.servlet.http.HttpServletResponse)
2020-04-16 09:57:26.738  INFO 12384 --- [restartedMain] o.s.w.s.handler.SimpleUrlHandlerMapping  : Mapped URL path [/webjars/**] onto handler of type [class org.springframework.web.servlet.resource.ResourceHttpRequestHandler]
2020-04-16 09:57:26.739  INFO 12384 --- [restartedMain] o.s.w.s.handler.SimpleUrlHandlerMapping  : Mapped URL path [/**] onto handler of type [class org.springframework.web.servlet.resource.ResourceHttpRequestHandler]
2020-04-16 09:57:26.770  INFO 12384 --- [restartedMain] o.s.w.s.handler.SimpleUrlHandlerMapping  : Mapped URL path [/**/favicon.ico] onto handler of type [class org.springframework.web.servlet.resource.ResourceHttpRequestHandler]
2020-04-16 09:57:26.958  INFO 12384 --- [restartedMain] o.s.b.d.a.OptionalLiveReloadServer       : LiveReload server is running on port 35729
2020-04-16 09:57:27.072  INFO 12384 --- [restartedMain] o.s.j.e.a.AnnotationMBeanExporter        : Registering beans for JMX exposure on startup
2020-04-16 09:57:27.110  INFO 12384 --- [restartedMain] s.b.c.e.t.TomcatEmbeddedServletContainer : Tomcat started on port(s): 8080 (http)
2020-04-16 09:57:27.114  INFO 12384 --- [restartedMain] b.c.lunasoft.sge.api.SgeApiApplication   : Started SgeApiApplication in 3.693 seconds (JVM running for 4.692)
2020-04-16 09:59:43.292  INFO 12384 --- [http-nio-8080-exec-1] o.a.c.c.C.[Tomcat].[localhost].[/]       : Initializing Spring FrameworkServlet 'dispatcherServlet'
2020-04-16 09:59:43.292  INFO 12384 --- [http-nio-8080-exec-1] o.s.web.servlet.DispatcherServlet        : FrameworkServlet 'dispatcherServlet': initialization started
2020-04-16 09:59:43.320  INFO 12384 --- [http-nio-8080-exec-1] o.s.web.servlet.DispatcherServlet        : FrameworkServlet 'dispatcherServlet': initialization completed in 28 ms
2020-04-16 09:59:43.369  INFO 12384 --- [http-nio-8080-exec-1] o.h.h.i.QueryTranslatorFactoryInitiator  : HHH000397: Using ASTQueryTranslatorFactory
2020-04-16 10:13:56.243 ERROR 12384 --- [http-nio-8080-exec-6] o.a.c.c.C.[.[.[/].[dispatcherServlet]    : Servlet.service() for servlet [dispatcherServlet] in context with path [] threw exception [Request processing failed; nested exception is org.springframework.dao.InvalidDataAccessApiUsageException: Unable to locate Attribute  with the the given name [documento.secao] on this ManagedType [br.com.lunasoft.sge.api.model.Eleitor]; nested exception is java.lang.IllegalArgumentException: Unable to locate Attribute  with the the given name [documento.secao] on this ManagedType [br.com.lunasoft.sge.api.model.Eleitor]] with root cause

java.lang.IllegalArgumentException: Unable to locate Attribute  with the the given name [documento.secao] on this ManagedType [br.com.lunasoft.sge.api.model.Eleitor]
	at org.hibernate.jpa.internal.metamodel.AbstractManagedType.checkNotNull(AbstractManagedType.java:128) ~[hibernate-entitymanager-5.0.12.Final.jar:5.0.12.Final]
	at org.hibernate.jpa.internal.metamodel.AbstractManagedType.getAttribute(AbstractManagedType.java:113) ~[hibernate-entitymanager-5.0.12.Final.jar:5.0.12.Final]
	at org.hibernate.jpa.criteria.path.AbstractFromImpl.locateAttributeInternal(AbstractFromImpl.java:116) ~[hibernate-entitymanager-5.0.12.Final.jar:5.0.12.Final]
	at org.hibernate.jpa.criteria.path.AbstractPathImpl.locateAttribute(AbstractPathImpl.java:204) ~[hibernate-entitymanager-5.0.12.Final.jar:5.0.12.Final]
	at org.hibernate.jpa.criteria.path.AbstractPathImpl.get(AbstractPathImpl.java:177) ~[hibernate-entitymanager-5.0.12.Final.jar:5.0.12.Final]
	at br.com.lunasoft.sge.api.repository.eleitor.EleitorRepositoryImpl.criarRestricoes(EleitorRepositoryImpl.java:44) ~[classes/:na]
	at br.com.lunasoft.sge.api.repository.eleitor.EleitorRepositoryImpl.filtrar(EleitorRepositoryImpl.java:29) ~[classes/:na]
	at sun.reflect.NativeMethodAccessorImpl.invoke0(Native Method) ~[na:1.8.0_221]
	at sun.reflect.NativeMethodAccessorImpl.invoke(NativeMethodAccessorImpl.java:62) ~[na:1.8.0_221]
	at sun.reflect.DelegatingMethodAccessorImpl.invoke(DelegatingMethodAccessorImpl.java:43) ~[na:1.8.0_221]
	at java.lang.reflect.Method.invoke(Method.java:498) ~[na:1.8.0_221]
	at org.springframework.data.repository.core.support.RepositoryFactorySupport$QueryExecutorMethodInterceptor.executeMethodOn(RepositoryFactorySupport.java:504) ~[spring-data-commons-1.13.3.RELEASE.jar:na]
	at org.springframework.data.repository.core.support.RepositoryFactorySupport$QueryExecutorMethodInterceptor.doInvoke(RepositoryFactorySupport.java:479) ~[spring-data-commons-1.13.3.RELEASE.jar:na]
	at org.springframework.data.repository.core.support.RepositoryFactorySupport$QueryExecutorMethodInterceptor.invoke(RepositoryFactorySupport.java:461) ~[spring-data-commons-1.13.3.RELEASE.jar:na]
	at org.springframework.aop.framework.ReflectiveMethodInvocation.proceed(ReflectiveMethodInvocation.java:179) ~[spring-aop-4.3.8.RELEASE.jar:4.3.8.RELEASE]
	at org.springframework.data.projection.DefaultMethodInvokingMethodInterceptor.invoke(DefaultMethodInvokingMethodInterceptor.java:61) ~[spring-data-commons-1.13.3.RELEASE.jar:na]
	at org.springframework.aop.framework.ReflectiveMethodInvocation.proceed(ReflectiveMethodInvocation.java:179) ~[spring-aop-4.3.8.RELEASE.jar:4.3.8.RELEASE]
	at org.springframework.transaction.interceptor.TransactionInterceptor$1.proceedWithInvocation(TransactionInterceptor.java:99) ~[spring-tx-4.3.8.RELEASE.jar:4.3.8.RELEASE]
	at org.springframework.transaction.interceptor.TransactionAspectSupport.invokeWithinTransaction(TransactionAspectSupport.java:282) ~[spring-tx-4.3.8.RELEASE.jar:4.3.8.RELEASE]
	at org.springframework.transaction.interceptor.TransactionInterceptor.invoke(TransactionInterceptor.java:96) ~[spring-tx-4.3.8.RELEASE.jar:4.3.8.RELEASE]
	at org.springframework.aop.framework.ReflectiveMethodInvocation.proceed(ReflectiveMethodInvocation.java:179) ~[spring-aop-4.3.8.RELEASE.jar:4.3.8.RELEASE]
	at org.springframework.dao.support.PersistenceExceptionTranslationInterceptor.invoke(PersistenceExceptionTranslationInterceptor.java:136) ~[spring-tx-4.3.8.RELEASE.jar:4.3.8.RELEASE]
	at org.springframework.aop.framework.ReflectiveMethodInvocation.proceed(ReflectiveMethodInvocation.java:179) ~[spring-aop-4.3.8.RELEASE.jar:4.3.8.RELEASE]
	at org.springframework.data.jpa.repository.support.CrudMethodMetadataPostProcessor$CrudMethodMetadataPopulatingMethodInterceptor.invoke(CrudMethodMetadataPostProcessor.java:133) ~[spring-data-jpa-1.11.3.RELEASE.jar:na]
	at org.springframework.aop.framework.ReflectiveMethodInvocation.proceed(ReflectiveMethodInvocation.java:179) ~[spring-aop-4.3.8.RELEASE.jar:4.3.8.RELEASE]
	at org.springframework.aop.interceptor.ExposeInvocationInterceptor.invoke(ExposeInvocationInterceptor.java:92) ~[spring-aop-4.3.8.RELEASE.jar:4.3.8.RELEASE]
	at org.springframework.aop.framework.ReflectiveMethodInvocation.proceed(ReflectiveMethodInvocation.java:179) ~[spring-aop-4.3.8.RELEASE.jar:4.3.8.RELEASE]
	at org.springframework.data.repository.core.support.SurroundingTransactionDetectorMethodInterceptor.invoke(SurroundingTransactionDetectorMethodInterceptor.java:57) ~[spring-data-commons-1.13.3.RELEASE.jar:na]
	at org.springframework.aop.framework.ReflectiveMethodInvocation.proceed(ReflectiveMethodInvocation.java:179) ~[spring-aop-4.3.8.RELEASE.jar:4.3.8.RELEASE]
	at org.springframework.aop.framework.JdkDynamicAopProxy.invoke(JdkDynamicAopProxy.java:213) ~[spring-aop-4.3.8.RELEASE.jar:4.3.8.RELEASE]
	at com.sun.proxy.$Proxy96.filtrar(Unknown Source) ~[na:na]
	at br.com.lunasoft.sge.api.resource.EleitorResource.eleitoresPorNome(EleitorResource.java:41) ~[classes/:na]
	at sun.reflect.NativeMethodAccessorImpl.invoke0(Native Method) ~[na:1.8.0_221]
	at sun.reflect.NativeMethodAccessorImpl.invoke(NativeMethodAccessorImpl.java:62) ~[na:1.8.0_221]
	at sun.reflect.DelegatingMethodAccessorImpl.invoke(DelegatingMethodAccessorImpl.java:43) ~[na:1.8.0_221]
	at java.lang.reflect.Method.invoke(Method.java:498) ~[na:1.8.0_221]
	at org.springframework.web.method.support.InvocableHandlerMethod.doInvoke(InvocableHandlerMethod.java:205) ~[spring-web-4.3.8.RELEASE.jar:4.3.8.RELEASE]
	at org.springframework.web.method.support.InvocableHandlerMethod.invokeForRequest(InvocableHandlerMethod.java:133) ~[spring-web-4.3.8.RELEASE.jar:4.3.8.RELEASE]
	at org.springframework.web.servlet.mvc.method.annotation.ServletInvocableHandlerMethod.invokeAndHandle(ServletInvocableHandlerMethod.java:97) ~[spring-webmvc-4.3.8.RELEASE.jar:4.3.8.RELEASE]
	at org.springframework.web.servlet.mvc.method.annotation.RequestMappingHandlerAdapter.invokeHandlerMethod(RequestMappingHandlerAdapter.java:827) ~[spring-webmvc-4.3.8.RELEASE.jar:4.3.8.RELEASE]
	at org.springframework.web.servlet.mvc.method.annotation.RequestMappingHandlerAdapter.handleInternal(RequestMappingHandlerAdapter.java:738) ~[spring-webmvc-4.3.8.RELEASE.jar:4.3.8.RELEASE]
	at org.springframework.web.servlet.mvc.method.AbstractHandlerMethodAdapter.handle(AbstractHandlerMethodAdapter.java:85) ~[spring-webmvc-4.3.8.RELEASE.jar:4.3.8.RELEASE]
	at org.springframework.web.servlet.DispatcherServlet.doDispatch(DispatcherServlet.java:963) ~[spring-webmvc-4.3.8.RELEASE.jar:4.3.8.RELEASE]
	at org.springframework.web.servlet.DispatcherServlet.doService(DispatcherServlet.java:897) ~[spring-webmvc-4.3.8.RELEASE.jar:4.3.8.RELEASE]
	at org.springframework.web.servlet.FrameworkServlet.processRequest(FrameworkServlet.java:970) ~[spring-webmvc-4.3.8.RELEASE.jar:4.3.8.RELEASE]
	at org.springframework.web.servlet.FrameworkServlet.doGet(FrameworkServlet.java:861) ~[spring-webmvc-4.3.8.RELEASE.jar:4.3.8.RELEASE]
	at javax.servlet.http.HttpServlet.service(HttpServlet.java:635) ~[tomcat-embed-core-8.5.14.jar:8.5.14]
	at org.springframework.web.servlet.FrameworkServlet.service(FrameworkServlet.java:846) ~[spring-webmvc-4.3.8.RELEASE.jar:4.3.8.RELEASE]
	at javax.servlet.http.HttpServlet.service(HttpServlet.java:742) ~[tomcat-embed-core-8.5.14.jar:8.5.14]
	at org.apache.catalina.core.ApplicationFilterChain.internalDoFilter(ApplicationFilterChain.java:231) ~[tomcat-embed-core-8.5.14.jar:8.5.14]
	at org.apache.catalina.core.ApplicationFilterChain.doFilter(ApplicationFilterChain.java:166) ~[tomcat-embed-core-8.5.14.jar:8.5.14]
	at org.apache.tomcat.websocket.server.WsFilter.doFilter(WsFilter.java:52) ~[tomcat-embed-websocket-8.5.14.jar:8.5.14]
	at org.apache.catalina.core.ApplicationFilterChain.internalDoFilter(ApplicationFilterChain.java:193) ~[tomcat-embed-core-8.5.14.jar:8.5.14]
	at org.apache.catalina.core.ApplicationFilterChain.doFilter(ApplicationFilterChain.java:166) ~[tomcat-embed-core-8.5.14.jar:8.5.14]
	at org.springframework.web.filter.RequestContextFilter.doFilterInternal(RequestContextFilter.java:99) ~[spring-web-4.3.8.RELEASE.jar:4.3.8.RELEASE]
	at org.springframework.web.filter.OncePerRequestFilter.doFilter(OncePerRequestFilter.java:107) ~[spring-web-4.3.8.RELEASE.jar:4.3.8.RELEASE]
	at org.apache.catalina.core.ApplicationFilterChain.internalDoFilter(ApplicationFilterChain.java:193) ~[tomcat-embed-core-8.5.14.jar:8.5.14]
	at org.apache.catalina.core.ApplicationFilterChain.doFilter(ApplicationFilterChain.java:166) ~[tomcat-embed-core-8.5.14.jar:8.5.14]
	at org.springframework.web.filter.HttpPutFormContentFilter.doFilterInternal(HttpPutFormContentFilter.java:105) ~[spring-web-4.3.8.RELEASE.jar:4.3.8.RELEASE]
	at org.springframework.web.filter.OncePerRequestFilter.doFilter(OncePerRequestFilter.java:107) ~[spring-web-4.3.8.RELEASE.jar:4.3.8.RELEASE]
	at org.apache.catalina.core.ApplicationFilterChain.internalDoFilter(ApplicationFilterChain.java:193) ~[tomcat-embed-core-8.5.14.jar:8.5.14]
	at org.apache.catalina.core.ApplicationFilterChain.doFilter(ApplicationFilterChain.java:166) ~[tomcat-embed-core-8.5.14.jar:8.5.14]
	at org.springframework.web.filter.HiddenHttpMethodFilter.doFilterInternal(HiddenHttpMethodFilter.java:81) ~[spring-web-4.3.8.RELEASE.jar:4.3.8.RELEASE]
	at org.springframework.web.filter.OncePerRequestFilter.doFilter(OncePerRequestFilter.java:107) ~[spring-web-4.3.8.RELEASE.jar:4.3.8.RELEASE]
	at org.apache.catalina.core.ApplicationFilterChain.internalDoFilter(ApplicationFilterChain.java:193) ~[tomcat-embed-core-8.5.14.jar:8.5.14]
	at org.apache.catalina.core.ApplicationFilterChain.doFilter(ApplicationFilterChain.java:166) ~[tomcat-embed-core-8.5.14.jar:8.5.14]
	at org.springframework.web.filter.CharacterEncodingFilter.doFilterInternal(CharacterEncodingFilter.java:197) ~[spring-web-4.3.8.RELEASE.jar:4.3.8.RELEASE]
	at org.springframework.web.filter.OncePerRequestFilter.doFilter(OncePerRequestFilter.java:107) ~[spring-web-4.3.8.RELEASE.jar:4.3.8.RELEASE]
	at org.apache.catalina.core.ApplicationFilterChain.internalDoFilter(ApplicationFilterChain.java:193) ~[tomcat-embed-core-8.5.14.jar:8.5.14]
	at org.apache.catalina.core.ApplicationFilterChain.doFilter(ApplicationFilterChain.java:166) ~[tomcat-embed-core-8.5.14.jar:8.5.14]
	at org.apache.catalina.core.StandardWrapperValve.invoke(StandardWrapperValve.java:198) ~[tomcat-embed-core-8.5.14.jar:8.5.14]
	at org.apache.catalina.core.StandardContextValve.invoke(StandardContextValve.java:96) [tomcat-embed-core-8.5.14.jar:8.5.14]
	at org.apache.catalina.authenticator.AuthenticatorBase.invoke(AuthenticatorBase.java:478) [tomcat-embed-core-8.5.14.jar:8.5.14]
	at org.apache.catalina.core.StandardHostValve.invoke(StandardHostValve.java:140) [tomcat-embed-core-8.5.14.jar:8.5.14]
	at org.apache.catalina.valves.ErrorReportValve.invoke(ErrorReportValve.java:80) [tomcat-embed-core-8.5.14.jar:8.5.14]
	at org.apache.catalina.core.StandardEngineValve.invoke(StandardEngineValve.java:87) [tomcat-embed-core-8.5.14.jar:8.5.14]
	at org.apache.catalina.connector.CoyoteAdapter.service(CoyoteAdapter.java:342) [tomcat-embed-core-8.5.14.jar:8.5.14]
	at org.apache.coyote.http11.Http11Processor.service(Http11Processor.java:799) [tomcat-embed-core-8.5.14.jar:8.5.14]
	at org.apache.coyote.AbstractProcessorLight.process(AbstractProcessorLight.java:66) [tomcat-embed-core-8.5.14.jar:8.5.14]
	at org.apache.coyote.AbstractProtocol$ConnectionHandler.process(AbstractProtocol.java:861) [tomcat-embed-core-8.5.14.jar:8.5.14]
	at org.apache.tomcat.util.net.NioEndpoint$SocketProcessor.doRun(NioEndpoint.java:1455) [tomcat-embed-core-8.5.14.jar:8.5.14]
	at org.apache.tomcat.util.net.SocketProcessorBase.run(SocketProcessorBase.java:49) [tomcat-embed-core-8.5.14.jar:8.5.14]
	at java.util.concurrent.ThreadPoolExecutor.runWorker(ThreadPoolExecutor.java:1149) [na:1.8.0_221]
	at java.util.concurrent.ThreadPoolExecutor$Worker.run(ThreadPoolExecutor.java:624) [na:1.8.0_221]
	at org.apache.tomcat.util.threads.TaskThread$WrappingRunnable.run(TaskThread.java:61) [tomcat-embed-core-8.5.14.jar:8.5.14]
	at java.lang.Thread.run(Thread.java:748) [na:1.8.0_221]

2020-04-16 10:34:42.103  INFO 12384 --- [Thread-9] ationConfigEmbeddedWebApplicationContext : Closing org.springframework.boot.context.embedded.AnnotationConfigEmbeddedWebApplicationContext@563745b6: startup date [Thu Apr 16 09:57:23 BST 2020]; root of context hierarchy
2020-04-16 10:34:42.104  INFO 12384 --- [Thread-9] o.s.j.e.a.AnnotationMBeanExporter        : Unregistering JMX-exposed beans on shutdown
2020-04-16 10:34:42.105  INFO 12384 --- [Thread-9] j.LocalContainerEntityManagerFactoryBean : Closing JPA EntityManagerFactory for persistence unit 'default'
2020-04-16 10:34:55.747  INFO 748 --- [restartedMain] b.c.lunasoft.sge.api.SgeApiApplication   : Starting SgeApiApplication on WK-DEV06 with PID 748 (C:\sts-4.4.0.RELEASE\workspace-spring\sge-api\target\classes started by MOT1902 in C:\sts-4.4.0.RELEASE\workspace-spring\sge-api)
2020-04-16 10:34:55.748  INFO 748 --- [restartedMain] b.c.lunasoft.sge.api.SgeApiApplication   : No active profile set, falling back to default profiles: default
2020-04-16 10:34:55.785  INFO 748 --- [restartedMain] ationConfigEmbeddedWebApplicationContext : Refreshing org.springframework.boot.context.embedded.AnnotationConfigEmbeddedWebApplicationContext@4ee3309c: startup date [Thu Apr 16 10:34:55 BST 2020]; root of context hierarchy
2020-04-16 10:34:56.988  INFO 748 --- [restartedMain] s.b.c.e.t.TomcatEmbeddedServletContainer : Tomcat initialized with port(s): 8080 (http)
2020-04-16 10:34:56.994  INFO 748 --- [restartedMain] o.apache.catalina.core.StandardService   : Starting service Tomcat
2020-04-16 10:34:56.995  INFO 748 --- [restartedMain] org.apache.catalina.core.StandardEngine  : Starting Servlet Engine: Apache Tomcat/8.5.14
2020-04-16 10:34:57.052  INFO 748 --- [localhost-startStop-1] o.a.c.c.C.[Tomcat].[localhost].[/]       : Initializing Spring embedded WebApplicationContext
2020-04-16 10:34:57.052  INFO 748 --- [localhost-startStop-1] o.s.web.context.ContextLoader            : Root WebApplicationContext: initialization completed in 1269 ms
2020-04-16 10:34:57.164  INFO 748 --- [localhost-startStop-1] o.s.b.w.servlet.ServletRegistrationBean  : Mapping servlet: 'dispatcherServlet' to [/]
2020-04-16 10:34:57.165  INFO 748 --- [localhost-startStop-1] o.s.b.w.servlet.ServletRegistrationBean  : Mapping servlet: 'webServlet' to [/h2-console/*]
2020-04-16 10:34:57.167  INFO 748 --- [localhost-startStop-1] o.s.b.w.servlet.FilterRegistrationBean   : Mapping filter: 'characterEncodingFilter' to: [/*]
2020-04-16 10:34:57.167  INFO 748 --- [localhost-startStop-1] o.s.b.w.servlet.FilterRegistrationBean   : Mapping filter: 'hiddenHttpMethodFilter' to: [/*]
2020-04-16 10:34:57.167  INFO 748 --- [localhost-startStop-1] o.s.b.w.servlet.FilterRegistrationBean   : Mapping filter: 'httpPutFormContentFilter' to: [/*]
2020-04-16 10:34:57.167  INFO 748 --- [localhost-startStop-1] o.s.b.w.servlet.FilterRegistrationBean   : Mapping filter: 'requestContextFilter' to: [/*]
2020-04-16 10:34:57.460  INFO 748 --- [restartedMain] j.LocalContainerEntityManagerFactoryBean : Building JPA container EntityManagerFactory for persistence unit 'default'
2020-04-16 10:34:57.470  INFO 748 --- [restartedMain] o.hibernate.jpa.internal.util.LogHelper  : HHH000204: Processing PersistenceUnitInfo [
	name: default
	...]
2020-04-16 10:34:57.527  INFO 748 --- [restartedMain] org.hibernate.Version                    : HHH000412: Hibernate Core {5.0.12.Final}
2020-04-16 10:34:57.529  INFO 748 --- [restartedMain] org.hibernate.cfg.Environment            : HHH000206: hibernate.properties not found
2020-04-16 10:34:57.529  INFO 748 --- [restartedMain] org.hibernate.cfg.Environment            : HHH000021: Bytecode provider name : javassist
2020-04-16 10:34:57.563  INFO 748 --- [restartedMain] o.hibernate.annotations.common.Version   : HCANN000001: Hibernate Commons Annotations {5.0.1.Final}
2020-04-16 10:34:57.653  INFO 748 --- [restartedMain] org.hibernate.dialect.Dialect            : HHH000400: Using dialect: org.hibernate.dialect.H2Dialect
2020-04-16 10:34:58.077  INFO 748 --- [restartedMain] org.hibernate.tool.hbm2ddl.SchemaUpdate  : HHH000228: Running hbm2ddl schema update
2020-04-16 10:34:58.139  INFO 748 --- [restartedMain] j.LocalContainerEntityManagerFactoryBean : Initialized JPA EntityManagerFactory for persistence unit 'default'
2020-04-16 10:34:58.543  INFO 748 --- [restartedMain] s.w.s.m.m.a.RequestMappingHandlerAdapter : Looking for @ControllerAdvice: org.springframework.boot.context.embedded.AnnotationConfigEmbeddedWebApplicationContext@4ee3309c: startup date [Thu Apr 16 10:34:55 BST 2020]; root of context hierarchy
2020-04-16 10:34:58.598  INFO 748 --- [restartedMain] s.w.s.m.m.a.RequestMappingHandlerMapping : Mapped "{[/cidades/{estado}],methods=[GET]}" onto public java.util.List<br.com.lunasoft.sge.api.model.Cidade> br.com.lunasoft.sge.api.resource.CidadeResource.cidades(java.lang.Integer)
2020-04-16 10:34:58.601  INFO 748 --- [restartedMain] s.w.s.m.m.a.RequestMappingHandlerMapping : Mapped "{[/eleitores/{id}],methods=[PUT]}" onto public org.springframework.http.ResponseEntity<br.com.lunasoft.sge.api.model.Eleitor> br.com.lunasoft.sge.api.resource.EleitorResource.atualizar(java.lang.Integer,br.com.lunasoft.sge.api.model.Eleitor)
2020-04-16 10:34:58.602  INFO 748 --- [restartedMain] s.w.s.m.m.a.RequestMappingHandlerMapping : Mapped "{[/eleitores],methods=[GET]}" onto public java.util.List<br.com.lunasoft.sge.api.model.Eleitor> br.com.lunasoft.sge.api.resource.EleitorResource.eleitores()
2020-04-16 10:34:58.602  INFO 748 --- [restartedMain] s.w.s.m.m.a.RequestMappingHandlerMapping : Mapped "{[/eleitores/filtrar],methods=[GET]}" onto public java.util.List<br.com.lunasoft.sge.api.model.Eleitor> br.com.lunasoft.sge.api.resource.EleitorResource.eleitoresPorNome(br.com.lunasoft.sge.api.repository.filter.Filtro)
2020-04-16 10:34:58.602  INFO 748 --- [restartedMain] s.w.s.m.m.a.RequestMappingHandlerMapping : Mapped "{[/eleitores/eleitor/{id}],methods=[GET]}" onto public org.springframework.http.ResponseEntity<br.com.lunasoft.sge.api.model.Eleitor> br.com.lunasoft.sge.api.resource.EleitorResource.eleitor(java.lang.Integer)
2020-04-16 10:34:58.603  INFO 748 --- [restartedMain] s.w.s.m.m.a.RequestMappingHandlerMapping : Mapped "{[/eleitores/{id}],methods=[DELETE]}" onto public void br.com.lunasoft.sge.api.resource.EleitorResource.remover(java.lang.Integer)
2020-04-16 10:34:58.603  INFO 748 --- [restartedMain] s.w.s.m.m.a.RequestMappingHandlerMapping : Mapped "{[/eleitores],methods=[POST]}" onto public org.springframework.http.ResponseEntity<br.com.lunasoft.sge.api.model.Eleitor> br.com.lunasoft.sge.api.resource.EleitorResource.salvar(br.com.lunasoft.sge.api.model.Eleitor)
2020-04-16 10:34:58.603  INFO 748 --- [restartedMain] s.w.s.m.m.a.RequestMappingHandlerMapping : Mapped "{[/estados],methods=[GET]}" onto public java.util.List<br.com.lunasoft.sge.api.model.Estado> br.com.lunasoft.sge.api.resource.EstadoResource.estados()
2020-04-16 10:34:58.605  INFO 748 --- [restartedMain] s.w.s.m.m.a.RequestMappingHandlerMapping : Mapped "{[/error]}" onto public org.springframework.http.ResponseEntity<java.util.Map<java.lang.String, java.lang.Object>> org.springframework.boot.autoconfigure.web.BasicErrorController.error(javax.servlet.http.HttpServletRequest)
2020-04-16 10:34:58.605  INFO 748 --- [restartedMain] s.w.s.m.m.a.RequestMappingHandlerMapping : Mapped "{[/error],produces=[text/html]}" onto public org.springframework.web.servlet.ModelAndView org.springframework.boot.autoconfigure.web.BasicErrorController.errorHtml(javax.servlet.http.HttpServletRequest,javax.servlet.http.HttpServletResponse)
2020-04-16 10:34:58.646  INFO 748 --- [restartedMain] o.s.w.s.handler.SimpleUrlHandlerMapping  : Mapped URL path [/webjars/**] onto handler of type [class org.springframework.web.servlet.resource.ResourceHttpRequestHandler]
2020-04-16 10:34:58.646  INFO 748 --- [restartedMain] o.s.w.s.handler.SimpleUrlHandlerMapping  : Mapped URL path [/**] onto handler of type [class org.springframework.web.servlet.resource.ResourceHttpRequestHandler]
2020-04-16 10:34:58.676  INFO 748 --- [restartedMain] o.s.w.s.handler.SimpleUrlHandlerMapping  : Mapped URL path [/**/favicon.ico] onto handler of type [class org.springframework.web.servlet.resource.ResourceHttpRequestHandler]
2020-04-16 10:34:58.852  INFO 748 --- [restartedMain] o.s.b.d.a.OptionalLiveReloadServer       : LiveReload server is running on port 35729
2020-04-16 10:34:58.964  INFO 748 --- [restartedMain] o.s.j.e.a.AnnotationMBeanExporter        : Registering beans for JMX exposure on startup
2020-04-16 10:34:58.999  INFO 748 --- [restartedMain] s.b.c.e.t.TomcatEmbeddedServletContainer : Tomcat started on port(s): 8080 (http)
2020-04-16 10:34:59.002  INFO 748 --- [restartedMain] b.c.lunasoft.sge.api.SgeApiApplication   : Started SgeApiApplication in 3.429 seconds (JVM running for 4.372)
2020-04-16 10:35:20.771  INFO 748 --- [http-nio-8080-exec-1] o.a.c.c.C.[Tomcat].[localhost].[/]       : Initializing Spring FrameworkServlet 'dispatcherServlet'
2020-04-16 10:35:20.771  INFO 748 --- [http-nio-8080-exec-1] o.s.web.servlet.DispatcherServlet        : FrameworkServlet 'dispatcherServlet': initialization started
2020-04-16 10:35:20.788  INFO 748 --- [http-nio-8080-exec-1] o.s.web.servlet.DispatcherServlet        : FrameworkServlet 'dispatcherServlet': initialization completed in 17 ms
2020-04-16 10:35:20.833  INFO 748 --- [http-nio-8080-exec-1] o.h.h.i.QueryTranslatorFactoryInitiator  : HHH000397: Using ASTQueryTranslatorFactory
2020-04-16 10:37:14.517  INFO 748 --- [Thread-9] ationConfigEmbeddedWebApplicationContext : Closing org.springframework.boot.context.embedded.AnnotationConfigEmbeddedWebApplicationContext@4ee3309c: startup date [Thu Apr 16 10:34:55 BST 2020]; root of context hierarchy
2020-04-16 10:37:14.519  INFO 748 --- [Thread-9] o.s.j.e.a.AnnotationMBeanExporter        : Unregistering JMX-exposed beans on shutdown
2020-04-16 10:37:14.519  INFO 748 --- [Thread-9] j.LocalContainerEntityManagerFactoryBean : Closing JPA EntityManagerFactory for persistence unit 'default'
2020-04-16 10:37:14.928  INFO 748 --- [restartedMain] b.c.lunasoft.sge.api.SgeApiApplication   : Starting SgeApiApplication on WK-DEV06 with PID 748 (C:\sts-4.4.0.RELEASE\workspace-spring\sge-api\target\classes started by MOT1902 in C:\sts-4.4.0.RELEASE\workspace-spring\sge-api)
2020-04-16 10:37:14.929  INFO 748 --- [restartedMain] b.c.lunasoft.sge.api.SgeApiApplication   : No active profile set, falling back to default profiles: default
2020-04-16 10:37:14.931  INFO 748 --- [restartedMain] ationConfigEmbeddedWebApplicationContext : Refreshing org.springframework.boot.context.embedded.AnnotationConfigEmbeddedWebApplicationContext@1ce10f0: startup date [Thu Apr 16 10:37:14 BST 2020]; root of context hierarchy
2020-04-16 10:37:15.424  INFO 748 --- [restartedMain] s.b.c.e.t.TomcatEmbeddedServletContainer : Tomcat initialized with port(s): 8080 (http)
2020-04-16 10:37:15.424  INFO 748 --- [restartedMain] o.apache.catalina.core.StandardService   : Starting service Tomcat
2020-04-16 10:37:15.424  INFO 748 --- [restartedMain] org.apache.catalina.core.StandardEngine  : Starting Servlet Engine: Apache Tomcat/8.5.14
2020-04-16 10:37:15.436  INFO 748 --- [localhost-startStop-1] o.a.c.c.C.[Tomcat].[localhost].[/]       : Initializing Spring embedded WebApplicationContext
2020-04-16 10:37:15.437  INFO 748 --- [localhost-startStop-1] o.s.web.context.ContextLoader            : Root WebApplicationContext: initialization completed in 506 ms
2020-04-16 10:37:15.467  INFO 748 --- [localhost-startStop-1] o.s.b.w.servlet.ServletRegistrationBean  : Mapping servlet: 'dispatcherServlet' to [/]
2020-04-16 10:37:15.467  INFO 748 --- [localhost-startStop-1] o.s.b.w.servlet.ServletRegistrationBean  : Mapping servlet: 'webServlet' to [/h2-console/*]
2020-04-16 10:37:15.467  INFO 748 --- [localhost-startStop-1] o.s.b.w.servlet.FilterRegistrationBean   : Mapping filter: 'characterEncodingFilter' to: [/*]
2020-04-16 10:37:15.467  INFO 748 --- [localhost-startStop-1] o.s.b.w.servlet.FilterRegistrationBean   : Mapping filter: 'hiddenHttpMethodFilter' to: [/*]
2020-04-16 10:37:15.467  INFO 748 --- [localhost-startStop-1] o.s.b.w.servlet.FilterRegistrationBean   : Mapping filter: 'httpPutFormContentFilter' to: [/*]
2020-04-16 10:37:15.467  INFO 748 --- [localhost-startStop-1] o.s.b.w.servlet.FilterRegistrationBean   : Mapping filter: 'requestContextFilter' to: [/*]
2020-04-16 10:37:15.534  INFO 748 --- [restartedMain] j.LocalContainerEntityManagerFactoryBean : Building JPA container EntityManagerFactory for persistence unit 'default'
2020-04-16 10:37:15.534  INFO 748 --- [restartedMain] o.hibernate.jpa.internal.util.LogHelper  : HHH000204: Processing PersistenceUnitInfo [
	name: default
	...]
2020-04-16 10:37:15.541  INFO 748 --- [restartedMain] org.hibernate.dialect.Dialect            : HHH000400: Using dialect: org.hibernate.dialect.H2Dialect
2020-04-16 10:37:15.575  INFO 748 --- [restartedMain] org.hibernate.tool.hbm2ddl.SchemaUpdate  : HHH000228: Running hbm2ddl schema update
2020-04-16 10:37:15.597  INFO 748 --- [restartedMain] j.LocalContainerEntityManagerFactoryBean : Initialized JPA EntityManagerFactory for persistence unit 'default'
2020-04-16 10:37:15.690  INFO 748 --- [restartedMain] s.w.s.m.m.a.RequestMappingHandlerAdapter : Looking for @ControllerAdvice: org.springframework.boot.context.embedded.AnnotationConfigEmbeddedWebApplicationContext@1ce10f0: startup date [Thu Apr 16 10:37:14 BST 2020]; root of context hierarchy
2020-04-16 10:37:15.697  INFO 748 --- [restartedMain] s.w.s.m.m.a.RequestMappingHandlerMapping : Mapped "{[/cidades/{estado}],methods=[GET]}" onto public java.util.List<br.com.lunasoft.sge.api.model.Cidade> br.com.lunasoft.sge.api.resource.CidadeResource.cidades(java.lang.Integer)
2020-04-16 10:37:15.698  INFO 748 --- [restartedMain] s.w.s.m.m.a.RequestMappingHandlerMapping : Mapped "{[/eleitores/{id}],methods=[PUT]}" onto public org.springframework.http.ResponseEntity<br.com.lunasoft.sge.api.model.Eleitor> br.com.lunasoft.sge.api.resource.EleitorResource.atualizar(java.lang.Integer,br.com.lunasoft.sge.api.model.Eleitor)
2020-04-16 10:37:15.699  INFO 748 --- [restartedMain] s.w.s.m.m.a.RequestMappingHandlerMapping : Mapped "{[/eleitores],methods=[GET]}" onto public java.util.List<br.com.lunasoft.sge.api.model.Eleitor> br.com.lunasoft.sge.api.resource.EleitorResource.eleitores()
2020-04-16 10:37:15.699  INFO 748 --- [restartedMain] s.w.s.m.m.a.RequestMappingHandlerMapping : Mapped "{[/eleitores/filtrar],methods=[GET]}" onto public java.util.List<br.com.lunasoft.sge.api.model.Eleitor> br.com.lunasoft.sge.api.resource.EleitorResource.eleitoresPorNome(br.com.lunasoft.sge.api.repository.filter.Filtro)
2020-04-16 10:37:15.699  INFO 748 --- [restartedMain] s.w.s.m.m.a.RequestMappingHandlerMapping : Mapped "{[/eleitores/eleitor/{id}],methods=[GET]}" onto public org.springframework.http.ResponseEntity<br.com.lunasoft.sge.api.model.Eleitor> br.com.lunasoft.sge.api.resource.EleitorResource.eleitor(java.lang.Integer)
2020-04-16 10:37:15.699  INFO 748 --- [restartedMain] s.w.s.m.m.a.RequestMappingHandlerMapping : Mapped "{[/eleitores/{id}],methods=[DELETE]}" onto public void br.com.lunasoft.sge.api.resource.EleitorResource.remover(java.lang.Integer)
2020-04-16 10:37:15.699  INFO 748 --- [restartedMain] s.w.s.m.m.a.RequestMappingHandlerMapping : Mapped "{[/eleitores],methods=[POST]}" onto public org.springframework.http.ResponseEntity<br.com.lunasoft.sge.api.model.Eleitor> br.com.lunasoft.sge.api.resource.EleitorResource.salvar(br.com.lunasoft.sge.api.model.Eleitor)
2020-04-16 10:37:15.700  INFO 748 --- [restartedMain] s.w.s.m.m.a.RequestMappingHandlerMapping : Mapped "{[/estados],methods=[GET]}" onto public java.util.List<br.com.lunasoft.sge.api.model.Estado> br.com.lunasoft.sge.api.resource.EstadoResource.estados()
2020-04-16 10:37:15.702  INFO 748 --- [restartedMain] s.w.s.m.m.a.RequestMappingHandlerMapping : Mapped "{[/error]}" onto public org.springframework.http.ResponseEntity<java.util.Map<java.lang.String, java.lang.Object>> org.springframework.boot.autoconfigure.web.BasicErrorController.error(javax.servlet.http.HttpServletRequest)
2020-04-16 10:37:15.702  INFO 748 --- [restartedMain] s.w.s.m.m.a.RequestMappingHandlerMapping : Mapped "{[/error],produces=[text/html]}" onto public org.springframework.web.servlet.ModelAndView org.springframework.boot.autoconfigure.web.BasicErrorController.errorHtml(javax.servlet.http.HttpServletRequest,javax.servlet.http.HttpServletResponse)
2020-04-16 10:37:15.708  INFO 748 --- [restartedMain] o.s.w.s.handler.SimpleUrlHandlerMapping  : Mapped URL path [/webjars/**] onto handler of type [class org.springframework.web.servlet.resource.ResourceHttpRequestHandler]
2020-04-16 10:37:15.708  INFO 748 --- [restartedMain] o.s.w.s.handler.SimpleUrlHandlerMapping  : Mapped URL path [/**] onto handler of type [class org.springframework.web.servlet.resource.ResourceHttpRequestHandler]
2020-04-16 10:37:15.719  INFO 748 --- [restartedMain] o.s.w.s.handler.SimpleUrlHandlerMapping  : Mapped URL path [/**/favicon.ico] onto handler of type [class org.springframework.web.servlet.resource.ResourceHttpRequestHandler]
2020-04-16 10:37:15.753  INFO 748 --- [restartedMain] o.s.b.d.a.OptionalLiveReloadServer       : LiveReload server is running on port 35729
2020-04-16 10:37:15.860  INFO 748 --- [restartedMain] o.s.j.e.a.AnnotationMBeanExporter        : Registering beans for JMX exposure on startup
2020-04-16 10:37:15.869  INFO 748 --- [restartedMain] s.b.c.e.t.TomcatEmbeddedServletContainer : Tomcat started on port(s): 8080 (http)
2020-04-16 10:37:15.870  INFO 748 --- [restartedMain] b.c.lunasoft.sge.api.SgeApiApplication   : Started SgeApiApplication in 0.985 seconds (JVM running for 141.24)
2020-04-16 10:37:22.698  INFO 748 --- [RMI TCP Connection(17)-127.0.0.1] inMXBeanRegistrar$SpringApplicationAdmin : Application shutdown requested.
2020-04-16 10:37:22.699  INFO 748 --- [RMI TCP Connection(17)-127.0.0.1] ationConfigEmbeddedWebApplicationContext : Closing org.springframework.boot.context.embedded.AnnotationConfigEmbeddedWebApplicationContext@1ce10f0: startup date [Thu Apr 16 10:37:14 BST 2020]; root of context hierarchy
2020-04-16 10:37:22.700  INFO 748 --- [RMI TCP Connection(17)-127.0.0.1] o.s.j.e.a.AnnotationMBeanExporter        : Unregistering JMX-exposed beans on shutdown
2020-04-16 10:37:22.700  INFO 748 --- [RMI TCP Connection(17)-127.0.0.1] j.LocalContainerEntityManagerFactoryBean : Closing JPA EntityManagerFactory for persistence unit 'default'
